2015-12-02 08:51:46 [main] [INFO] o.s.web.context.ContextLoader - Root WebApplicationContext: initialization started 
2015-12-02 08:51:47 [main] [INFO] o.s.w.c.s.XmlWebApplicationContext - Refreshing Root WebApplicationContext: startup date [Wed Dec 02 08:51:47 PHT 2015]; root of context hierarchy 
2015-12-02 08:51:47 [main] [INFO] o.s.b.f.xml.XmlBeanDefinitionReader - Loading XML bean definitions from ServletContext resource [/WEB-INF/spring-servlet.xml] 
2015-12-02 08:51:47 [main] [INFO] o.s.c.a.ClassPathBeanDefinitionScanner - JSR-250 'javax.annotation.ManagedBean' found and supported for component scanning 
2015-12-02 08:51:47 [main] [INFO] o.s.c.a.ClassPathBeanDefinitionScanner - JSR-330 'javax.inject.Named' annotation found and supported for component scanning 
2015-12-02 08:51:47 [main] [INFO] o.s.b.f.xml.XmlBeanDefinitionReader - Loading XML bean definitions from class path resource [webapp.xml] 
2015-12-02 08:51:47 [main] [INFO] o.s.b.f.xml.XmlBeanDefinitionReader - Loading XML bean definitions from class path resource [service.xml] 
2015-12-02 08:51:48 [main] [INFO] o.s.b.f.xml.XmlBeanDefinitionReader - Loading XML bean definitions from class path resource [dao.xml] 
2015-12-02 08:51:48 [main] [INFO] o.s.b.f.xml.XmlBeanDefinitionReader - Loading XML bean definitions from class path resource [hibernate.xml] 
2015-12-02 08:51:48 [main] [INFO] o.s.b.f.a.AutowiredAnnotationBeanPostProcessor - JSR-330 'javax.inject.Inject' annotation found and supported for autowiring 
2015-12-02 08:51:49 [main] [INFO] o.s.b.f.s.DefaultListableBeanFactory - Pre-instantiating singletons in org.springframework.beans.factory.support.DefaultListableBeanFactory@71e6b: defining beans [org.springframework.context.annotation.internalConfigurationAnnotationProcessor,org.springframework.context.annotation.internalAutowiredAnnotationProcessor,org.springframework.context.annotation.internalRequiredAnnotationProcessor,org.springframework.context.annotation.internalCommonAnnotationProcessor,org.springframework.context.annotation.internalPersistenceAnnotationProcessor,/,/roleIndex,/projectIndex,/deletePerson,/deleteRole,/addPerson,/addRole,/addProject,/editPerson,/editRole,/editProject,/uploadFile,parser,personValidator,projectValidator,personManagerImpl,roleManagerImpl,projectManagerImpl,txAdvice,org.springframework.aop.config.internalAutoProxyCreator,serviceClasses,org.springframework.aop.support.DefaultBeanFactoryPointcutAdvisor#0,txManager,personDaoImpl,roleDaoImpl,projectDao,dataSource,sessionFactory,org.springframework.web.servlet.resource.ResourceHttpRequestHandler#0,org.springframework.web.servlet.handler.SimpleUrlHandlerMapping#0,org.springframework.web.servlet.handler.BeanNameUrlHandlerMapping,org.springframework.web.servlet.mvc.HttpRequestHandlerAdapter,org.springframework.web.servlet.mvc.SimpleControllerHandlerAdapter,org.springframework.web.servlet.view.InternalResourceViewResolver#0,localeResolver,messageSource,org.springframework.web.servlet.handler.MappedInterceptor#0,multipartResolver,org.springframework.context.annotation.ConfigurationClassPostProcessor$ImportAwareBeanPostProcessor#0]; root of factory hierarchy 
2015-12-02 08:51:51 [main] [INFO] o.h.annotations.common.Version - HCANN000001: Hibernate Commons Annotations {4.0.2.Final} 
2015-12-02 08:51:51 [main] [INFO] org.hibernate.Version - HHH000412: Hibernate Core {4.2.7.Final} 
2015-12-02 08:51:51 [main] [INFO] org.hibernate.cfg.Environment - HHH000206: hibernate.properties not found 
2015-12-02 08:51:51 [main] [INFO] org.hibernate.cfg.Environment - HHH000021: Bytecode provider name : javassist 
2015-12-02 08:51:51 [main] [INFO] org.hibernate.cfg.Configuration - HHH000044: Configuring from URL: jar:file:/home/admin/.m2/repository/ecp/spring/infra/persistence/1.0-SNAPSHOT/persistence-1.0-SNAPSHOT.jar!/hibernate.cfg.xml 
2015-12-02 08:51:51 [main] [INFO] org.hibernate.cfg.Configuration - HHH000041: Configured SessionFactory: null 
2015-12-02 08:51:52 [main] [INFO] org.hibernate.dialect.Dialect - HHH000400: Using dialect: org.hibernate.dialect.PostgreSQLDialect 
2015-12-02 08:51:52 [main] [INFO] o.h.e.j.internal.LobCreatorBuilder - HHH000424: Disabling contextual LOB creation as createClob() method threw error : java.lang.reflect.InvocationTargetException 
2015-12-02 08:51:53 [main] [INFO] o.h.e.t.i.TransactionFactoryInitiator - HHH000399: Using default transaction strategy (direct JDBC transactions) 
2015-12-02 08:51:53 [main] [INFO] o.h.h.i.a.ASTQueryTranslatorFactory - HHH000397: Using ASTQueryTranslatorFactory 
2015-12-02 08:51:53 [main] [INFO] o.h.cache.spi.UpdateTimestampsCache - HHH000250: Starting update timestamps cache at region: org.hibernate.cache.spi.UpdateTimestampsCache 
2015-12-02 08:51:53 [main] [INFO] o.h.c.internal.StandardQueryCache - HHH000248: Starting query cache at region: org.hibernate.cache.internal.StandardQueryCache 
2015-12-02 08:51:54 [main] [INFO] o.s.o.h.HibernateTransactionManager - Using DataSource [org.apache.commons.dbcp.BasicDataSource@1f0080a] of Hibernate SessionFactory for HibernateTransactionManager 
2015-12-02 08:51:55 [main] [INFO] o.s.w.s.h.SimpleUrlHandlerMapping - Mapped URL path [/resources/**] onto handler 'org.springframework.web.servlet.resource.ResourceHttpRequestHandler#0' 
2015-12-02 08:51:56 [main] [INFO] o.s.w.s.h.BeanNameUrlHandlerMapping - Root mapping to handler '/' 
2015-12-02 08:51:56 [main] [INFO] o.s.w.s.h.BeanNameUrlHandlerMapping - Mapped URL path [/roleIndex] onto handler '/roleIndex' 
2015-12-02 08:51:56 [main] [INFO] o.s.w.s.h.BeanNameUrlHandlerMapping - Mapped URL path [/projectIndex] onto handler '/projectIndex' 
2015-12-02 08:51:56 [main] [INFO] o.s.w.s.h.BeanNameUrlHandlerMapping - Mapped URL path [/deletePerson] onto handler '/deletePerson' 
2015-12-02 08:51:56 [main] [INFO] o.s.w.s.h.BeanNameUrlHandlerMapping - Mapped URL path [/deleteRole] onto handler '/deleteRole' 
2015-12-02 08:51:56 [main] [INFO] o.s.w.s.h.BeanNameUrlHandlerMapping - Mapped URL path [/addPerson] onto handler '/addPerson' 
2015-12-02 08:51:56 [main] [INFO] o.s.w.s.h.BeanNameUrlHandlerMapping - Mapped URL path [/addRole] onto handler '/addRole' 
2015-12-02 08:51:56 [main] [INFO] o.s.w.s.h.BeanNameUrlHandlerMapping - Mapped URL path [/addProject] onto handler '/addProject' 
2015-12-02 08:51:56 [main] [INFO] o.s.w.s.h.BeanNameUrlHandlerMapping - Mapped URL path [/editPerson] onto handler '/editPerson' 
2015-12-02 08:51:56 [main] [INFO] o.s.w.s.h.BeanNameUrlHandlerMapping - Mapped URL path [/editRole] onto handler '/editRole' 
2015-12-02 08:51:56 [main] [INFO] o.s.w.s.h.BeanNameUrlHandlerMapping - Mapped URL path [/editProject] onto handler '/editProject' 
2015-12-02 08:51:56 [main] [INFO] o.s.w.s.h.BeanNameUrlHandlerMapping - Mapped URL path [/uploadFile] onto handler '/uploadFile' 
2015-12-02 08:51:56 [main] [INFO] o.s.web.context.ContextLoader - Root WebApplicationContext: initialization completed in 9411 ms 
2015-12-02 08:51:56 [main] [INFO] o.s.web.servlet.DispatcherServlet - FrameworkServlet 'spring': initialization started 
2015-12-02 08:51:56 [main] [INFO] o.s.w.c.s.XmlWebApplicationContext - Refreshing WebApplicationContext for namespace 'spring-servlet': startup date [Wed Dec 02 08:51:56 PHT 2015]; parent: Root WebApplicationContext 
2015-12-02 08:51:56 [main] [INFO] o.s.b.f.xml.XmlBeanDefinitionReader - Loading XML bean definitions from ServletContext resource [/WEB-INF/spring-servlet.xml] 
2015-12-02 08:51:56 [main] [INFO] o.s.c.a.ClassPathBeanDefinitionScanner - JSR-250 'javax.annotation.ManagedBean' found and supported for component scanning 
2015-12-02 08:51:56 [main] [INFO] o.s.c.a.ClassPathBeanDefinitionScanner - JSR-330 'javax.inject.Named' annotation found and supported for component scanning 
2015-12-02 08:51:56 [main] [INFO] o.s.b.f.xml.XmlBeanDefinitionReader - Loading XML bean definitions from class path resource [webapp.xml] 
2015-12-02 08:51:56 [main] [INFO] o.s.b.f.xml.XmlBeanDefinitionReader - Loading XML bean definitions from class path resource [service.xml] 
2015-12-02 08:51:56 [main] [INFO] o.s.b.f.xml.XmlBeanDefinitionReader - Loading XML bean definitions from class path resource [dao.xml] 
2015-12-02 08:51:56 [main] [INFO] o.s.b.f.xml.XmlBeanDefinitionReader - Loading XML bean definitions from class path resource [hibernate.xml] 
2015-12-02 08:51:57 [main] [INFO] o.s.b.f.a.AutowiredAnnotationBeanPostProcessor - JSR-330 'javax.inject.Inject' annotation found and supported for autowiring 
2015-12-02 08:51:57 [main] [INFO] o.s.b.f.s.DefaultListableBeanFactory - Pre-instantiating singletons in org.springframework.beans.factory.support.DefaultListableBeanFactory@f07a09: defining beans [org.springframework.context.annotation.internalConfigurationAnnotationProcessor,org.springframework.context.annotation.internalAutowiredAnnotationProcessor,org.springframework.context.annotation.internalRequiredAnnotationProcessor,org.springframework.context.annotation.internalCommonAnnotationProcessor,org.springframework.context.annotation.internalPersistenceAnnotationProcessor,/,/roleIndex,/projectIndex,/deletePerson,/deleteRole,/addPerson,/addRole,/addProject,/editPerson,/editRole,/editProject,/uploadFile,parser,personValidator,projectValidator,personManagerImpl,roleManagerImpl,projectManagerImpl,txAdvice,org.springframework.aop.config.internalAutoProxyCreator,serviceClasses,org.springframework.aop.support.DefaultBeanFactoryPointcutAdvisor#0,txManager,personDaoImpl,roleDaoImpl,projectDao,dataSource,sessionFactory,org.springframework.web.servlet.resource.ResourceHttpRequestHandler#0,org.springframework.web.servlet.handler.SimpleUrlHandlerMapping#0,org.springframework.web.servlet.handler.BeanNameUrlHandlerMapping,org.springframework.web.servlet.mvc.HttpRequestHandlerAdapter,org.springframework.web.servlet.mvc.SimpleControllerHandlerAdapter,org.springframework.web.servlet.view.InternalResourceViewResolver#0,localeResolver,messageSource,org.springframework.web.servlet.handler.MappedInterceptor#0,multipartResolver,org.springframework.context.annotation.ConfigurationClassPostProcessor$ImportAwareBeanPostProcessor#0]; parent: org.springframework.beans.factory.support.DefaultListableBeanFactory@71e6b 
2015-12-02 08:51:57 [main] [INFO] org.hibernate.cfg.Configuration - HHH000044: Configuring from URL: jar:file:/home/admin/.m2/repository/ecp/spring/infra/persistence/1.0-SNAPSHOT/persistence-1.0-SNAPSHOT.jar!/hibernate.cfg.xml 
2015-12-02 08:51:57 [main] [INFO] org.hibernate.cfg.Configuration - HHH000041: Configured SessionFactory: null 
2015-12-02 08:51:57 [main] [INFO] org.hibernate.dialect.Dialect - HHH000400: Using dialect: org.hibernate.dialect.PostgreSQLDialect 
2015-12-02 08:51:57 [main] [INFO] o.h.e.j.internal.LobCreatorBuilder - HHH000424: Disabling contextual LOB creation as createClob() method threw error : java.lang.reflect.InvocationTargetException 
2015-12-02 08:51:57 [main] [INFO] o.h.e.t.i.TransactionFactoryInitiator - HHH000399: Using default transaction strategy (direct JDBC transactions) 
2015-12-02 08:51:57 [main] [INFO] o.h.h.i.a.ASTQueryTranslatorFactory - HHH000397: Using ASTQueryTranslatorFactory 
2015-12-02 08:51:57 [main] [INFO] o.h.cache.spi.UpdateTimestampsCache - HHH000250: Starting update timestamps cache at region: org.hibernate.cache.spi.UpdateTimestampsCache 
2015-12-02 08:51:57 [main] [INFO] o.h.c.internal.StandardQueryCache - HHH000248: Starting query cache at region: org.hibernate.cache.internal.StandardQueryCache 
2015-12-02 08:51:57 [main] [INFO] o.s.o.h.HibernateTransactionManager - Using DataSource [org.apache.commons.dbcp.BasicDataSource@1b780f5] of Hibernate SessionFactory for HibernateTransactionManager 
2015-12-02 08:51:58 [main] [INFO] o.s.w.s.h.SimpleUrlHandlerMapping - Mapped URL path [/resources/**] onto handler 'org.springframework.web.servlet.resource.ResourceHttpRequestHandler#0' 
2015-12-02 08:51:58 [main] [INFO] o.s.w.s.h.BeanNameUrlHandlerMapping - Root mapping to handler '/' 
2015-12-02 08:51:58 [main] [INFO] o.s.w.s.h.BeanNameUrlHandlerMapping - Mapped URL path [/roleIndex] onto handler '/roleIndex' 
2015-12-02 08:51:58 [main] [INFO] o.s.w.s.h.BeanNameUrlHandlerMapping - Mapped URL path [/projectIndex] onto handler '/projectIndex' 
2015-12-02 08:51:58 [main] [INFO] o.s.w.s.h.BeanNameUrlHandlerMapping - Mapped URL path [/deletePerson] onto handler '/deletePerson' 
2015-12-02 08:51:58 [main] [INFO] o.s.w.s.h.BeanNameUrlHandlerMapping - Mapped URL path [/deleteRole] onto handler '/deleteRole' 
2015-12-02 08:51:58 [main] [INFO] o.s.w.s.h.BeanNameUrlHandlerMapping - Mapped URL path [/addPerson] onto handler '/addPerson' 
2015-12-02 08:51:58 [main] [INFO] o.s.w.s.h.BeanNameUrlHandlerMapping - Mapped URL path [/addRole] onto handler '/addRole' 
2015-12-02 08:51:58 [main] [INFO] o.s.w.s.h.BeanNameUrlHandlerMapping - Mapped URL path [/addProject] onto handler '/addProject' 
2015-12-02 08:51:58 [main] [INFO] o.s.w.s.h.BeanNameUrlHandlerMapping - Mapped URL path [/editPerson] onto handler '/editPerson' 
2015-12-02 08:51:58 [main] [INFO] o.s.w.s.h.BeanNameUrlHandlerMapping - Mapped URL path [/editRole] onto handler '/editRole' 
2015-12-02 08:51:58 [main] [INFO] o.s.w.s.h.BeanNameUrlHandlerMapping - Mapped URL path [/editProject] onto handler '/editProject' 
2015-12-02 08:51:58 [main] [INFO] o.s.w.s.h.BeanNameUrlHandlerMapping - Mapped URL path [/uploadFile] onto handler '/uploadFile' 
2015-12-02 08:51:58 [main] [INFO] o.s.web.servlet.DispatcherServlet - FrameworkServlet 'spring': initialization completed in 2239 ms 
2015-12-02 08:52:10 [qtp15756082-19] [DEBUG] ecp.spring.web.IndexController - Displaying new form 
2015-12-02 08:52:10 [qtp15756082-19] [DEBUG] ecp.spring.web.IndexController - Creating new command of class [ecp.spring.model.PersonModel] 
2015-12-02 08:52:17 [qtp15756082-21] [WARN] o.s.web.servlet.PageNotFound - No mapping found for HTTP request with URI [/favicon.ico] in DispatcherServlet with name 'spring' 
2015-12-02 08:52:32 [Thread-1] [INFO] o.s.w.c.s.XmlWebApplicationContext - Closing WebApplicationContext for namespace 'spring-servlet': startup date [Wed Dec 02 08:51:56 PHT 2015]; parent: Root WebApplicationContext 
2015-12-02 08:52:32 [Thread-1] [INFO] o.s.b.f.s.DefaultListableBeanFactory - Destroying singletons in org.springframework.beans.factory.support.DefaultListableBeanFactory@f07a09: defining beans [org.springframework.context.annotation.internalConfigurationAnnotationProcessor,org.springframework.context.annotation.internalAutowiredAnnotationProcessor,org.springframework.context.annotation.internalRequiredAnnotationProcessor,org.springframework.context.annotation.internalCommonAnnotationProcessor,org.springframework.context.annotation.internalPersistenceAnnotationProcessor,/,/roleIndex,/projectIndex,/deletePerson,/deleteRole,/addPerson,/addRole,/addProject,/editPerson,/editRole,/editProject,/uploadFile,parser,personValidator,projectValidator,personManagerImpl,roleManagerImpl,projectManagerImpl,txAdvice,org.springframework.aop.config.internalAutoProxyCreator,serviceClasses,org.springframework.aop.support.DefaultBeanFactoryPointcutAdvisor#0,txManager,personDaoImpl,roleDaoImpl,projectDao,dataSource,sessionFactory,org.springframework.web.servlet.resource.ResourceHttpRequestHandler#0,org.springframework.web.servlet.handler.SimpleUrlHandlerMapping#0,org.springframework.web.servlet.handler.BeanNameUrlHandlerMapping,org.springframework.web.servlet.mvc.HttpRequestHandlerAdapter,org.springframework.web.servlet.mvc.SimpleControllerHandlerAdapter,org.springframework.web.servlet.view.InternalResourceViewResolver#0,localeResolver,messageSource,org.springframework.web.servlet.handler.MappedInterceptor#0,multipartResolver,org.springframework.context.annotation.ConfigurationClassPostProcessor$ImportAwareBeanPostProcessor#0]; parent: org.springframework.beans.factory.support.DefaultListableBeanFactory@71e6b 
2015-12-02 08:52:32 [Thread-1] [INFO] o.s.w.c.s.XmlWebApplicationContext - Closing Root WebApplicationContext: startup date [Wed Dec 02 08:51:47 PHT 2015]; root of context hierarchy 
2015-12-02 08:52:32 [Thread-1] [INFO] o.s.b.f.s.DefaultListableBeanFactory - Destroying singletons in org.springframework.beans.factory.support.DefaultListableBeanFactory@71e6b: defining beans [org.springframework.context.annotation.internalConfigurationAnnotationProcessor,org.springframework.context.annotation.internalAutowiredAnnotationProcessor,org.springframework.context.annotation.internalRequiredAnnotationProcessor,org.springframework.context.annotation.internalCommonAnnotationProcessor,org.springframework.context.annotation.internalPersistenceAnnotationProcessor,/,/roleIndex,/projectIndex,/deletePerson,/deleteRole,/addPerson,/addRole,/addProject,/editPerson,/editRole,/editProject,/uploadFile,parser,personValidator,projectValidator,personManagerImpl,roleManagerImpl,projectManagerImpl,txAdvice,org.springframework.aop.config.internalAutoProxyCreator,serviceClasses,org.springframework.aop.support.DefaultBeanFactoryPointcutAdvisor#0,txManager,personDaoImpl,roleDaoImpl,projectDao,dataSource,sessionFactory,org.springframework.web.servlet.resource.ResourceHttpRequestHandler#0,org.springframework.web.servlet.handler.SimpleUrlHandlerMapping#0,org.springframework.web.servlet.handler.BeanNameUrlHandlerMapping,org.springframework.web.servlet.mvc.HttpRequestHandlerAdapter,org.springframework.web.servlet.mvc.SimpleControllerHandlerAdapter,org.springframework.web.servlet.view.InternalResourceViewResolver#0,localeResolver,messageSource,org.springframework.web.servlet.handler.MappedInterceptor#0,multipartResolver,org.springframework.context.annotation.ConfigurationClassPostProcessor$ImportAwareBeanPostProcessor#0]; root of factory hierarchy 
2015-12-02 08:54:07 [main] [INFO] o.s.web.context.ContextLoader - Root WebApplicationContext: initialization started 
2015-12-02 08:54:07 [main] [INFO] o.s.w.c.s.XmlWebApplicationContext - Refreshing Root WebApplicationContext: startup date [Wed Dec 02 08:54:07 PHT 2015]; root of context hierarchy 
2015-12-02 08:54:07 [main] [INFO] o.s.b.f.xml.XmlBeanDefinitionReader - Loading XML bean definitions from ServletContext resource [/WEB-INF/spring-servlet.xml] 
2015-12-02 08:54:08 [main] [INFO] o.s.c.a.ClassPathBeanDefinitionScanner - JSR-250 'javax.annotation.ManagedBean' found and supported for component scanning 
2015-12-02 08:54:08 [main] [INFO] o.s.c.a.ClassPathBeanDefinitionScanner - JSR-330 'javax.inject.Named' annotation found and supported for component scanning 
2015-12-02 08:54:08 [main] [INFO] o.s.b.f.xml.XmlBeanDefinitionReader - Loading XML bean definitions from class path resource [webapp.xml] 
2015-12-02 08:54:08 [main] [INFO] o.s.b.f.xml.XmlBeanDefinitionReader - Loading XML bean definitions from class path resource [service.xml] 
2015-12-02 08:54:08 [main] [INFO] o.s.b.f.xml.XmlBeanDefinitionReader - Loading XML bean definitions from class path resource [dao.xml] 
2015-12-02 08:54:08 [main] [INFO] o.s.b.f.xml.XmlBeanDefinitionReader - Loading XML bean definitions from class path resource [hibernate.xml] 
2015-12-02 08:54:08 [main] [INFO] o.s.b.f.a.AutowiredAnnotationBeanPostProcessor - JSR-330 'javax.inject.Inject' annotation found and supported for autowiring 
2015-12-02 08:54:09 [main] [INFO] o.s.b.f.s.DefaultListableBeanFactory - Pre-instantiating singletons in org.springframework.beans.factory.support.DefaultListableBeanFactory@147d127: defining beans [org.springframework.context.annotation.internalConfigurationAnnotationProcessor,org.springframework.context.annotation.internalAutowiredAnnotationProcessor,org.springframework.context.annotation.internalRequiredAnnotationProcessor,org.springframework.context.annotation.internalCommonAnnotationProcessor,org.springframework.context.annotation.internalPersistenceAnnotationProcessor,/,/roleIndex,/projectIndex,/deletePerson,/deleteRole,/addPerson,/addRole,/addProject,/editPerson,/editRole,/editProject,/uploadFile,parser,personValidator,projectValidator,personManagerImpl,roleManagerImpl,projectManagerImpl,txAdvice,org.springframework.aop.config.internalAutoProxyCreator,serviceClasses,org.springframework.aop.support.DefaultBeanFactoryPointcutAdvisor#0,txManager,personDaoImpl,roleDaoImpl,projectDao,dataSource,sessionFactory,org.springframework.web.servlet.resource.ResourceHttpRequestHandler#0,org.springframework.web.servlet.handler.SimpleUrlHandlerMapping#0,org.springframework.web.servlet.handler.BeanNameUrlHandlerMapping,org.springframework.web.servlet.mvc.HttpRequestHandlerAdapter,org.springframework.web.servlet.mvc.SimpleControllerHandlerAdapter,org.springframework.web.servlet.view.InternalResourceViewResolver#0,localeResolver,messageSource,org.springframework.web.servlet.handler.MappedInterceptor#0,multipartResolver,org.springframework.context.annotation.ConfigurationClassPostProcessor$ImportAwareBeanPostProcessor#0]; root of factory hierarchy 
2015-12-02 08:54:11 [main] [INFO] o.h.annotations.common.Version - HCANN000001: Hibernate Commons Annotations {4.0.2.Final} 
2015-12-02 08:54:11 [main] [INFO] org.hibernate.Version - HHH000412: Hibernate Core {4.2.7.Final} 
2015-12-02 08:54:11 [main] [INFO] org.hibernate.cfg.Environment - HHH000206: hibernate.properties not found 
2015-12-02 08:54:11 [main] [INFO] org.hibernate.cfg.Environment - HHH000021: Bytecode provider name : javassist 
2015-12-02 08:54:11 [main] [INFO] org.hibernate.cfg.Configuration - HHH000044: Configuring from URL: jar:file:/home/admin/.m2/repository/ecp/spring/infra/persistence/1.0-SNAPSHOT/persistence-1.0-SNAPSHOT.jar!/hibernate.cfg.xml 
2015-12-02 08:54:11 [main] [INFO] org.hibernate.cfg.Configuration - HHH000041: Configured SessionFactory: null 
2015-12-02 08:54:12 [main] [INFO] org.hibernate.dialect.Dialect - HHH000400: Using dialect: org.hibernate.dialect.PostgreSQLDialect 
2015-12-02 08:54:12 [main] [INFO] o.h.e.j.internal.LobCreatorBuilder - HHH000424: Disabling contextual LOB creation as createClob() method threw error : java.lang.reflect.InvocationTargetException 
2015-12-02 08:54:13 [main] [INFO] o.h.e.t.i.TransactionFactoryInitiator - HHH000399: Using default transaction strategy (direct JDBC transactions) 
2015-12-02 08:54:13 [main] [INFO] o.h.h.i.a.ASTQueryTranslatorFactory - HHH000397: Using ASTQueryTranslatorFactory 
2015-12-02 08:54:13 [main] [INFO] o.h.cache.spi.UpdateTimestampsCache - HHH000250: Starting update timestamps cache at region: org.hibernate.cache.spi.UpdateTimestampsCache 
2015-12-02 08:54:13 [main] [INFO] o.h.c.internal.StandardQueryCache - HHH000248: Starting query cache at region: org.hibernate.cache.internal.StandardQueryCache 
2015-12-02 08:54:14 [main] [INFO] o.s.o.h.HibernateTransactionManager - Using DataSource [org.apache.commons.dbcp.BasicDataSource@1e5faa3] of Hibernate SessionFactory for HibernateTransactionManager 
2015-12-02 08:54:14 [main] [INFO] o.s.b.f.s.DefaultListableBeanFactory - Destroying singletons in org.springframework.beans.factory.support.DefaultListableBeanFactory@147d127: defining beans [org.springframework.context.annotation.internalConfigurationAnnotationProcessor,org.springframework.context.annotation.internalAutowiredAnnotationProcessor,org.springframework.context.annotation.internalRequiredAnnotationProcessor,org.springframework.context.annotation.internalCommonAnnotationProcessor,org.springframework.context.annotation.internalPersistenceAnnotationProcessor,/,/roleIndex,/projectIndex,/deletePerson,/deleteRole,/addPerson,/addRole,/addProject,/editPerson,/editRole,/editProject,/uploadFile,parser,personValidator,projectValidator,personManagerImpl,roleManagerImpl,projectManagerImpl,txAdvice,org.springframework.aop.config.internalAutoProxyCreator,serviceClasses,org.springframework.aop.support.DefaultBeanFactoryPointcutAdvisor#0,txManager,personDaoImpl,roleDaoImpl,projectDao,dataSource,sessionFactory,org.springframework.web.servlet.resource.ResourceHttpRequestHandler#0,org.springframework.web.servlet.handler.SimpleUrlHandlerMapping#0,org.springframework.web.servlet.handler.BeanNameUrlHandlerMapping,org.springframework.web.servlet.mvc.HttpRequestHandlerAdapter,org.springframework.web.servlet.mvc.SimpleControllerHandlerAdapter,org.springframework.web.servlet.view.InternalResourceViewResolver#0,localeResolver,messageSource,org.springframework.web.servlet.handler.MappedInterceptor#0,multipartResolver,org.springframework.context.annotation.ConfigurationClassPostProcessor$ImportAwareBeanPostProcessor#0]; root of factory hierarchy 
2015-12-02 08:54:14 [main] [ERROR] o.s.web.context.ContextLoader - Context initialization failed 
org.springframework.beans.factory.BeanCreationException: Error creating bean with name '/' defined in class path resource [webapp.xml]: Initialization of bean failed; nested exception is org.springframework.beans.ConversionNotSupportedException: Failed to convert property value of type 'com.sun.proxy.$Proxy37 implementing ecp.spring.service.PersonManager,org.springframework.aop.SpringProxy,org.springframework.aop.framework.Advised' to required type 'ecp.spring.service.PersonManagerImpl' for property 'personManagerImpl'; nested exception is java.lang.IllegalStateException: Cannot convert value of type [com.sun.proxy.$Proxy37 implementing ecp.spring.service.PersonManager,org.springframework.aop.SpringProxy,org.springframework.aop.framework.Advised] to required type [ecp.spring.service.PersonManagerImpl] for property 'personManagerImpl': no matching editors or conversion strategy found
	at org.springframework.beans.factory.support.AbstractAutowireCapableBeanFactory.doCreateBean(AbstractAutowireCapableBeanFactory.java:527) ~[spring-beans-3.1.0.RELEASE.jar:3.1.0.RELEASE]
	at org.springframework.beans.factory.support.AbstractAutowireCapableBeanFactory.createBean(AbstractAutowireCapableBeanFactory.java:456) ~[spring-beans-3.1.0.RELEASE.jar:3.1.0.RELEASE]
	at org.springframework.beans.factory.support.AbstractBeanFactory$1.getObject(AbstractBeanFactory.java:294) ~[spring-beans-3.1.0.RELEASE.jar:3.1.0.RELEASE]
	at org.springframework.beans.factory.support.DefaultSingletonBeanRegistry.getSingleton(DefaultSingletonBeanRegistry.java:225) ~[spring-beans-3.1.0.RELEASE.jar:3.1.0.RELEASE]
	at org.springframework.beans.factory.support.AbstractBeanFactory.doGetBean(AbstractBeanFactory.java:291) ~[spring-beans-3.1.0.RELEASE.jar:3.1.0.RELEASE]
	at org.springframework.beans.factory.support.AbstractBeanFactory.getBean(AbstractBeanFactory.java:193) ~[spring-beans-3.1.0.RELEASE.jar:3.1.0.RELEASE]
	at org.springframework.beans.factory.support.DefaultListableBeanFactory.preInstantiateSingletons(DefaultListableBeanFactory.java:585) ~[spring-beans-3.1.0.RELEASE.jar:3.1.0.RELEASE]
	at org.springframework.context.support.AbstractApplicationContext.finishBeanFactoryInitialization(AbstractApplicationContext.java:913) ~[spring-context-3.1.0.RELEASE.jar:3.1.0.RELEASE]
	at org.springframework.context.support.AbstractApplicationContext.refresh(AbstractApplicationContext.java:464) ~[spring-context-3.1.0.RELEASE.jar:3.1.0.RELEASE]
	at org.springframework.web.context.ContextLoader.configureAndRefreshWebApplicationContext(ContextLoader.java:384) ~[spring-web-3.1.0.RELEASE.jar:3.1.0.RELEASE]
	at org.springframework.web.context.ContextLoader.initWebApplicationContext(ContextLoader.java:283) ~[spring-web-3.1.0.RELEASE.jar:3.1.0.RELEASE]
	at org.springframework.web.context.ContextLoaderListener.contextInitialized(ContextLoaderListener.java:111) [spring-web-3.1.0.RELEASE.jar:3.1.0.RELEASE]
	at org.eclipse.jetty.server.handler.ContextHandler.callContextInitialized(ContextHandler.java:782) [jetty-server-8.1.16.v20140903.jar:8.1.16.v20140903]
	at org.eclipse.jetty.servlet.ServletContextHandler.callContextInitialized(ServletContextHandler.java:424) [jetty-servlet-8.1.16.v20140903.jar:8.1.16.v20140903]
	at org.eclipse.jetty.server.handler.ContextHandler.startContext(ContextHandler.java:774) [jetty-server-8.1.16.v20140903.jar:8.1.16.v20140903]
	at org.eclipse.jetty.servlet.ServletContextHandler.startContext(ServletContextHandler.java:249) [jetty-servlet-8.1.16.v20140903.jar:8.1.16.v20140903]
	at org.eclipse.jetty.webapp.WebAppContext.startContext(WebAppContext.java:1242) [jetty-webapp-8.1.16.v20140903.jar:8.1.16.v20140903]
	at org.eclipse.jetty.server.handler.ContextHandler.doStart(ContextHandler.java:717) [jetty-server-8.1.16.v20140903.jar:8.1.16.v20140903]
	at org.eclipse.jetty.webapp.WebAppContext.doStart(WebAppContext.java:494) [jetty-webapp-8.1.16.v20140903.jar:8.1.16.v20140903]
	at org.mortbay.jetty.plugin.JettyWebAppContext.doStart(JettyWebAppContext.java:298) [jetty-maven-plugin-8.1.16.v20140903.jar:8.1.16.v20140903]
	at org.eclipse.jetty.util.component.AbstractLifeCycle.start(AbstractLifeCycle.java:64) [jetty-util-8.1.16.v20140903.jar:8.1.16.v20140903]
	at org.eclipse.jetty.server.handler.HandlerCollection.doStart(HandlerCollection.java:229) [jetty-server-8.1.16.v20140903.jar:8.1.16.v20140903]
	at org.eclipse.jetty.server.handler.ContextHandlerCollection.doStart(ContextHandlerCollection.java:172) [jetty-server-8.1.16.v20140903.jar:8.1.16.v20140903]
	at org.eclipse.jetty.util.component.AbstractLifeCycle.start(AbstractLifeCycle.java:64) [jetty-util-8.1.16.v20140903.jar:8.1.16.v20140903]
	at org.eclipse.jetty.server.handler.HandlerCollection.doStart(HandlerCollection.java:229) [jetty-server-8.1.16.v20140903.jar:8.1.16.v20140903]
	at org.eclipse.jetty.util.component.AbstractLifeCycle.start(AbstractLifeCycle.java:64) [jetty-util-8.1.16.v20140903.jar:8.1.16.v20140903]
	at org.eclipse.jetty.server.handler.HandlerWrapper.doStart(HandlerWrapper.java:95) [jetty-server-8.1.16.v20140903.jar:8.1.16.v20140903]
	at org.eclipse.jetty.server.Server.doStart(Server.java:282) [jetty-server-8.1.16.v20140903.jar:8.1.16.v20140903]
	at org.mortbay.jetty.plugin.JettyServer.doStart(JettyServer.java:65) [jetty-maven-plugin-8.1.16.v20140903.jar:8.1.16.v20140903]
	at org.eclipse.jetty.util.component.AbstractLifeCycle.start(AbstractLifeCycle.java:64) [jetty-util-8.1.16.v20140903.jar:8.1.16.v20140903]
	at org.mortbay.jetty.plugin.AbstractJettyMojo.startJetty(AbstractJettyMojo.java:520) [jetty-maven-plugin-8.1.16.v20140903.jar:8.1.16.v20140903]
	at org.mortbay.jetty.plugin.AbstractJettyMojo.execute(AbstractJettyMojo.java:365) [jetty-maven-plugin-8.1.16.v20140903.jar:8.1.16.v20140903]
	at org.mortbay.jetty.plugin.JettyRunMojo.execute(JettyRunMojo.java:523) [jetty-maven-plugin-8.1.16.v20140903.jar:8.1.16.v20140903]
	at org.apache.maven.plugin.DefaultBuildPluginManager.executeMojo(DefaultBuildPluginManager.java:134) [maven-core-3.3.3.jar:3.3.3]
	at org.apache.maven.lifecycle.internal.MojoExecutor.execute(MojoExecutor.java:208) [maven-core-3.3.3.jar:3.3.3]
	at org.apache.maven.lifecycle.internal.MojoExecutor.execute(MojoExecutor.java:153) [maven-core-3.3.3.jar:3.3.3]
	at org.apache.maven.lifecycle.internal.MojoExecutor.execute(MojoExecutor.java:145) [maven-core-3.3.3.jar:3.3.3]
	at org.apache.maven.lifecycle.internal.LifecycleModuleBuilder.buildProject(LifecycleModuleBuilder.java:116) [maven-core-3.3.3.jar:3.3.3]
	at org.apache.maven.lifecycle.internal.LifecycleModuleBuilder.buildProject(LifecycleModuleBuilder.java:80) [maven-core-3.3.3.jar:3.3.3]
	at org.apache.maven.lifecycle.internal.builder.singlethreaded.SingleThreadedBuilder.build(SingleThreadedBuilder.java:51) [maven-core-3.3.3.jar:3.3.3]
	at org.apache.maven.lifecycle.internal.LifecycleStarter.execute(LifecycleStarter.java:128) [maven-core-3.3.3.jar:3.3.3]
	at org.apache.maven.DefaultMaven.doExecute(DefaultMaven.java:307) [maven-core-3.3.3.jar:3.3.3]
	at org.apache.maven.DefaultMaven.doExecute(DefaultMaven.java:193) [maven-core-3.3.3.jar:3.3.3]
	at org.apache.maven.DefaultMaven.execute(DefaultMaven.java:106) [maven-core-3.3.3.jar:3.3.3]
	at org.apache.maven.cli.MavenCli.execute(MavenCli.java:862) [maven-embedder-3.3.3.jar:3.3.3]
	at org.apache.maven.cli.MavenCli.doMain(MavenCli.java:286) [maven-embedder-3.3.3.jar:3.3.3]
	at org.apache.maven.cli.MavenCli.main(MavenCli.java:197) [maven-embedder-3.3.3.jar:3.3.3]
	at sun.reflect.NativeMethodAccessorImpl.invoke0(Native Method) ~[na:1.7.0_80]
	at sun.reflect.NativeMethodAccessorImpl.invoke(NativeMethodAccessorImpl.java:57) ~[na:1.7.0_80]
	at sun.reflect.DelegatingMethodAccessorImpl.invoke(DelegatingMethodAccessorImpl.java:43) ~[na:1.7.0_80]
	at java.lang.reflect.Method.invoke(Method.java:606) ~[na:1.7.0_80]
	at org.codehaus.plexus.classworlds.launcher.Launcher.launchEnhanced(Launcher.java:289) [plexus-classworlds-2.5.2.jar:na]
	at org.codehaus.plexus.classworlds.launcher.Launcher.launch(Launcher.java:229) [plexus-classworlds-2.5.2.jar:na]
	at org.codehaus.plexus.classworlds.launcher.Launcher.mainWithExitCode(Launcher.java:415) [plexus-classworlds-2.5.2.jar:na]
	at org.codehaus.plexus.classworlds.launcher.Launcher.main(Launcher.java:356) [plexus-classworlds-2.5.2.jar:na]
Caused by: org.springframework.beans.ConversionNotSupportedException: Failed to convert property value of type 'com.sun.proxy.$Proxy37 implementing ecp.spring.service.PersonManager,org.springframework.aop.SpringProxy,org.springframework.aop.framework.Advised' to required type 'ecp.spring.service.PersonManagerImpl' for property 'personManagerImpl'; nested exception is java.lang.IllegalStateException: Cannot convert value of type [com.sun.proxy.$Proxy37 implementing ecp.spring.service.PersonManager,org.springframework.aop.SpringProxy,org.springframework.aop.framework.Advised] to required type [ecp.spring.service.PersonManagerImpl] for property 'personManagerImpl': no matching editors or conversion strategy found
	at org.springframework.beans.BeanWrapperImpl.convertIfNecessary(BeanWrapperImpl.java:485) ~[spring-beans-3.1.0.RELEASE.jar:3.1.0.RELEASE]
	at org.springframework.beans.BeanWrapperImpl.convertForProperty(BeanWrapperImpl.java:516) ~[spring-beans-3.1.0.RELEASE.jar:3.1.0.RELEASE]
	at org.springframework.beans.BeanWrapperImpl.convertForProperty(BeanWrapperImpl.java:510) ~[spring-beans-3.1.0.RELEASE.jar:3.1.0.RELEASE]
	at org.springframework.beans.factory.support.AbstractAutowireCapableBeanFactory.convertForProperty(AbstractAutowireCapableBeanFactory.java:1406) ~[spring-beans-3.1.0.RELEASE.jar:3.1.0.RELEASE]
	at org.springframework.beans.factory.support.AbstractAutowireCapableBeanFactory.applyPropertyValues(AbstractAutowireCapableBeanFactory.java:1365) ~[spring-beans-3.1.0.RELEASE.jar:3.1.0.RELEASE]
	at org.springframework.beans.factory.support.AbstractAutowireCapableBeanFactory.populateBean(AbstractAutowireCapableBeanFactory.java:1118) ~[spring-beans-3.1.0.RELEASE.jar:3.1.0.RELEASE]
	at org.springframework.beans.factory.support.AbstractAutowireCapableBeanFactory.doCreateBean(AbstractAutowireCapableBeanFactory.java:517) ~[spring-beans-3.1.0.RELEASE.jar:3.1.0.RELEASE]
	... 54 common frames omitted
Caused by: java.lang.IllegalStateException: Cannot convert value of type [com.sun.proxy.$Proxy37 implementing ecp.spring.service.PersonManager,org.springframework.aop.SpringProxy,org.springframework.aop.framework.Advised] to required type [ecp.spring.service.PersonManagerImpl] for property 'personManagerImpl': no matching editors or conversion strategy found
	at org.springframework.beans.TypeConverterDelegate.convertIfNecessary(TypeConverterDelegate.java:241) ~[spring-beans-3.1.0.RELEASE.jar:3.1.0.RELEASE]
	at org.springframework.beans.BeanWrapperImpl.convertIfNecessary(BeanWrapperImpl.java:470) ~[spring-beans-3.1.0.RELEASE.jar:3.1.0.RELEASE]
	... 60 common frames omitted
2015-12-02 09:00:36 [main] [INFO] o.s.web.context.ContextLoader - Root WebApplicationContext: initialization started 
2015-12-02 09:00:36 [main] [INFO] o.s.w.c.s.XmlWebApplicationContext - Refreshing Root WebApplicationContext: startup date [Wed Dec 02 09:00:36 PHT 2015]; root of context hierarchy 
2015-12-02 09:00:37 [main] [INFO] o.s.b.f.xml.XmlBeanDefinitionReader - Loading XML bean definitions from ServletContext resource [/WEB-INF/spring-servlet.xml] 
2015-12-02 09:00:37 [main] [INFO] o.s.c.a.ClassPathBeanDefinitionScanner - JSR-250 'javax.annotation.ManagedBean' found and supported for component scanning 
2015-12-02 09:00:37 [main] [INFO] o.s.c.a.ClassPathBeanDefinitionScanner - JSR-330 'javax.inject.Named' annotation found and supported for component scanning 
2015-12-02 09:00:37 [main] [INFO] o.s.b.f.xml.XmlBeanDefinitionReader - Loading XML bean definitions from class path resource [webapp.xml] 
2015-12-02 09:00:37 [main] [INFO] o.s.b.f.xml.XmlBeanDefinitionReader - Loading XML bean definitions from class path resource [service.xml] 
2015-12-02 09:00:37 [main] [INFO] o.s.b.f.xml.XmlBeanDefinitionReader - Loading XML bean definitions from class path resource [dao.xml] 
2015-12-02 09:00:37 [main] [INFO] o.s.b.f.xml.XmlBeanDefinitionReader - Loading XML bean definitions from class path resource [hibernate.xml] 
2015-12-02 09:00:38 [main] [INFO] o.s.b.f.a.AutowiredAnnotationBeanPostProcessor - JSR-330 'javax.inject.Inject' annotation found and supported for autowiring 
2015-12-02 09:00:39 [main] [INFO] o.s.b.f.s.DefaultListableBeanFactory - Pre-instantiating singletons in org.springframework.beans.factory.support.DefaultListableBeanFactory@1cbbf6d: defining beans [org.springframework.context.annotation.internalConfigurationAnnotationProcessor,org.springframework.context.annotation.internalAutowiredAnnotationProcessor,org.springframework.context.annotation.internalRequiredAnnotationProcessor,org.springframework.context.annotation.internalCommonAnnotationProcessor,org.springframework.context.annotation.internalPersistenceAnnotationProcessor,/,/roleIndex,/projectIndex,/deletePerson,/deleteRole,/addPerson,/addRole,/addProject,/editPerson,/editRole,/editProject,/uploadFile,parser,personValidator,projectValidator,personManagerImpl,roleManagerImpl,projectManagerImpl,txAdvice,org.springframework.aop.config.internalAutoProxyCreator,serviceClasses,org.springframework.aop.support.DefaultBeanFactoryPointcutAdvisor#0,txManager,personDaoImpl,roleDaoImpl,projectDao,dataSource,sessionFactory,org.springframework.web.servlet.resource.ResourceHttpRequestHandler#0,org.springframework.web.servlet.handler.SimpleUrlHandlerMapping#0,org.springframework.web.servlet.handler.BeanNameUrlHandlerMapping,org.springframework.web.servlet.mvc.HttpRequestHandlerAdapter,org.springframework.web.servlet.mvc.SimpleControllerHandlerAdapter,org.springframework.web.servlet.view.InternalResourceViewResolver#0,localeResolver,messageSource,org.springframework.web.servlet.handler.MappedInterceptor#0,multipartResolver,org.springframework.context.annotation.ConfigurationClassPostProcessor$ImportAwareBeanPostProcessor#0]; root of factory hierarchy 
2015-12-02 09:00:40 [main] [INFO] o.h.annotations.common.Version - HCANN000001: Hibernate Commons Annotations {4.0.2.Final} 
2015-12-02 09:00:41 [main] [INFO] org.hibernate.Version - HHH000412: Hibernate Core {4.2.7.Final} 
2015-12-02 09:00:41 [main] [INFO] org.hibernate.cfg.Environment - HHH000206: hibernate.properties not found 
2015-12-02 09:00:41 [main] [INFO] org.hibernate.cfg.Environment - HHH000021: Bytecode provider name : javassist 
2015-12-02 09:00:41 [main] [INFO] org.hibernate.cfg.Configuration - HHH000044: Configuring from URL: jar:file:/home/admin/.m2/repository/ecp/spring/infra/persistence/1.0-SNAPSHOT/persistence-1.0-SNAPSHOT.jar!/hibernate.cfg.xml 
2015-12-02 09:00:41 [main] [INFO] org.hibernate.cfg.Configuration - HHH000041: Configured SessionFactory: null 
2015-12-02 09:00:42 [main] [INFO] org.hibernate.dialect.Dialect - HHH000400: Using dialect: org.hibernate.dialect.PostgreSQLDialect 
2015-12-02 09:00:42 [main] [INFO] o.h.e.j.internal.LobCreatorBuilder - HHH000424: Disabling contextual LOB creation as createClob() method threw error : java.lang.reflect.InvocationTargetException 
2015-12-02 09:00:42 [main] [INFO] o.h.e.t.i.TransactionFactoryInitiator - HHH000399: Using default transaction strategy (direct JDBC transactions) 
2015-12-02 09:00:42 [main] [INFO] o.h.h.i.a.ASTQueryTranslatorFactory - HHH000397: Using ASTQueryTranslatorFactory 
2015-12-02 09:00:43 [main] [INFO] o.h.cache.spi.UpdateTimestampsCache - HHH000250: Starting update timestamps cache at region: org.hibernate.cache.spi.UpdateTimestampsCache 
2015-12-02 09:00:43 [main] [INFO] o.h.c.internal.StandardQueryCache - HHH000248: Starting query cache at region: org.hibernate.cache.internal.StandardQueryCache 
2015-12-02 09:00:43 [main] [INFO] o.s.o.h.HibernateTransactionManager - Using DataSource [org.apache.commons.dbcp.BasicDataSource@d366dc] of Hibernate SessionFactory for HibernateTransactionManager 
2015-12-02 09:00:44 [main] [INFO] o.s.b.f.s.DefaultListableBeanFactory - Destroying singletons in org.springframework.beans.factory.support.DefaultListableBeanFactory@1cbbf6d: defining beans [org.springframework.context.annotation.internalConfigurationAnnotationProcessor,org.springframework.context.annotation.internalAutowiredAnnotationProcessor,org.springframework.context.annotation.internalRequiredAnnotationProcessor,org.springframework.context.annotation.internalCommonAnnotationProcessor,org.springframework.context.annotation.internalPersistenceAnnotationProcessor,/,/roleIndex,/projectIndex,/deletePerson,/deleteRole,/addPerson,/addRole,/addProject,/editPerson,/editRole,/editProject,/uploadFile,parser,personValidator,projectValidator,personManagerImpl,roleManagerImpl,projectManagerImpl,txAdvice,org.springframework.aop.config.internalAutoProxyCreator,serviceClasses,org.springframework.aop.support.DefaultBeanFactoryPointcutAdvisor#0,txManager,personDaoImpl,roleDaoImpl,projectDao,dataSource,sessionFactory,org.springframework.web.servlet.resource.ResourceHttpRequestHandler#0,org.springframework.web.servlet.handler.SimpleUrlHandlerMapping#0,org.springframework.web.servlet.handler.BeanNameUrlHandlerMapping,org.springframework.web.servlet.mvc.HttpRequestHandlerAdapter,org.springframework.web.servlet.mvc.SimpleControllerHandlerAdapter,org.springframework.web.servlet.view.InternalResourceViewResolver#0,localeResolver,messageSource,org.springframework.web.servlet.handler.MappedInterceptor#0,multipartResolver,org.springframework.context.annotation.ConfigurationClassPostProcessor$ImportAwareBeanPostProcessor#0]; root of factory hierarchy 
2015-12-02 09:00:44 [main] [ERROR] o.s.web.context.ContextLoader - Context initialization failed 
org.springframework.beans.factory.BeanCreationException: Error creating bean with name '/' defined in class path resource [webapp.xml]: Initialization of bean failed; nested exception is org.springframework.beans.ConversionNotSupportedException: Failed to convert property value of type 'com.sun.proxy.$Proxy37 implementing ecp.spring.service.PersonManager,org.springframework.aop.SpringProxy,org.springframework.aop.framework.Advised' to required type 'ecp.spring.service.PersonManagerImpl' for property 'personManagerImpl'; nested exception is java.lang.IllegalStateException: Cannot convert value of type [com.sun.proxy.$Proxy37 implementing ecp.spring.service.PersonManager,org.springframework.aop.SpringProxy,org.springframework.aop.framework.Advised] to required type [ecp.spring.service.PersonManagerImpl] for property 'personManagerImpl': no matching editors or conversion strategy found
	at org.springframework.beans.factory.support.AbstractAutowireCapableBeanFactory.doCreateBean(AbstractAutowireCapableBeanFactory.java:527) ~[spring-beans-3.1.0.RELEASE.jar:3.1.0.RELEASE]
	at org.springframework.beans.factory.support.AbstractAutowireCapableBeanFactory.createBean(AbstractAutowireCapableBeanFactory.java:456) ~[spring-beans-3.1.0.RELEASE.jar:3.1.0.RELEASE]
	at org.springframework.beans.factory.support.AbstractBeanFactory$1.getObject(AbstractBeanFactory.java:294) ~[spring-beans-3.1.0.RELEASE.jar:3.1.0.RELEASE]
	at org.springframework.beans.factory.support.DefaultSingletonBeanRegistry.getSingleton(DefaultSingletonBeanRegistry.java:225) ~[spring-beans-3.1.0.RELEASE.jar:3.1.0.RELEASE]
	at org.springframework.beans.factory.support.AbstractBeanFactory.doGetBean(AbstractBeanFactory.java:291) ~[spring-beans-3.1.0.RELEASE.jar:3.1.0.RELEASE]
	at org.springframework.beans.factory.support.AbstractBeanFactory.getBean(AbstractBeanFactory.java:193) ~[spring-beans-3.1.0.RELEASE.jar:3.1.0.RELEASE]
	at org.springframework.beans.factory.support.DefaultListableBeanFactory.preInstantiateSingletons(DefaultListableBeanFactory.java:585) ~[spring-beans-3.1.0.RELEASE.jar:3.1.0.RELEASE]
	at org.springframework.context.support.AbstractApplicationContext.finishBeanFactoryInitialization(AbstractApplicationContext.java:913) ~[spring-context-3.1.0.RELEASE.jar:3.1.0.RELEASE]
	at org.springframework.context.support.AbstractApplicationContext.refresh(AbstractApplicationContext.java:464) ~[spring-context-3.1.0.RELEASE.jar:3.1.0.RELEASE]
	at org.springframework.web.context.ContextLoader.configureAndRefreshWebApplicationContext(ContextLoader.java:384) ~[spring-web-3.1.0.RELEASE.jar:3.1.0.RELEASE]
	at org.springframework.web.context.ContextLoader.initWebApplicationContext(ContextLoader.java:283) ~[spring-web-3.1.0.RELEASE.jar:3.1.0.RELEASE]
	at org.springframework.web.context.ContextLoaderListener.contextInitialized(ContextLoaderListener.java:111) [spring-web-3.1.0.RELEASE.jar:3.1.0.RELEASE]
	at org.eclipse.jetty.server.handler.ContextHandler.callContextInitialized(ContextHandler.java:782) [jetty-server-8.1.16.v20140903.jar:8.1.16.v20140903]
	at org.eclipse.jetty.servlet.ServletContextHandler.callContextInitialized(ServletContextHandler.java:424) [jetty-servlet-8.1.16.v20140903.jar:8.1.16.v20140903]
	at org.eclipse.jetty.server.handler.ContextHandler.startContext(ContextHandler.java:774) [jetty-server-8.1.16.v20140903.jar:8.1.16.v20140903]
	at org.eclipse.jetty.servlet.ServletContextHandler.startContext(ServletContextHandler.java:249) [jetty-servlet-8.1.16.v20140903.jar:8.1.16.v20140903]
	at org.eclipse.jetty.webapp.WebAppContext.startContext(WebAppContext.java:1242) [jetty-webapp-8.1.16.v20140903.jar:8.1.16.v20140903]
	at org.eclipse.jetty.server.handler.ContextHandler.doStart(ContextHandler.java:717) [jetty-server-8.1.16.v20140903.jar:8.1.16.v20140903]
	at org.eclipse.jetty.webapp.WebAppContext.doStart(WebAppContext.java:494) [jetty-webapp-8.1.16.v20140903.jar:8.1.16.v20140903]
	at org.mortbay.jetty.plugin.JettyWebAppContext.doStart(JettyWebAppContext.java:298) [jetty-maven-plugin-8.1.16.v20140903.jar:8.1.16.v20140903]
	at org.eclipse.jetty.util.component.AbstractLifeCycle.start(AbstractLifeCycle.java:64) [jetty-util-8.1.16.v20140903.jar:8.1.16.v20140903]
	at org.eclipse.jetty.server.handler.HandlerCollection.doStart(HandlerCollection.java:229) [jetty-server-8.1.16.v20140903.jar:8.1.16.v20140903]
	at org.eclipse.jetty.server.handler.ContextHandlerCollection.doStart(ContextHandlerCollection.java:172) [jetty-server-8.1.16.v20140903.jar:8.1.16.v20140903]
	at org.eclipse.jetty.util.component.AbstractLifeCycle.start(AbstractLifeCycle.java:64) [jetty-util-8.1.16.v20140903.jar:8.1.16.v20140903]
	at org.eclipse.jetty.server.handler.HandlerCollection.doStart(HandlerCollection.java:229) [jetty-server-8.1.16.v20140903.jar:8.1.16.v20140903]
	at org.eclipse.jetty.util.component.AbstractLifeCycle.start(AbstractLifeCycle.java:64) [jetty-util-8.1.16.v20140903.jar:8.1.16.v20140903]
	at org.eclipse.jetty.server.handler.HandlerWrapper.doStart(HandlerWrapper.java:95) [jetty-server-8.1.16.v20140903.jar:8.1.16.v20140903]
	at org.eclipse.jetty.server.Server.doStart(Server.java:282) [jetty-server-8.1.16.v20140903.jar:8.1.16.v20140903]
	at org.mortbay.jetty.plugin.JettyServer.doStart(JettyServer.java:65) [jetty-maven-plugin-8.1.16.v20140903.jar:8.1.16.v20140903]
	at org.eclipse.jetty.util.component.AbstractLifeCycle.start(AbstractLifeCycle.java:64) [jetty-util-8.1.16.v20140903.jar:8.1.16.v20140903]
	at org.mortbay.jetty.plugin.AbstractJettyMojo.startJetty(AbstractJettyMojo.java:520) [jetty-maven-plugin-8.1.16.v20140903.jar:8.1.16.v20140903]
	at org.mortbay.jetty.plugin.AbstractJettyMojo.execute(AbstractJettyMojo.java:365) [jetty-maven-plugin-8.1.16.v20140903.jar:8.1.16.v20140903]
	at org.mortbay.jetty.plugin.JettyRunMojo.execute(JettyRunMojo.java:523) [jetty-maven-plugin-8.1.16.v20140903.jar:8.1.16.v20140903]
	at org.apache.maven.plugin.DefaultBuildPluginManager.executeMojo(DefaultBuildPluginManager.java:134) [maven-core-3.3.3.jar:3.3.3]
	at org.apache.maven.lifecycle.internal.MojoExecutor.execute(MojoExecutor.java:208) [maven-core-3.3.3.jar:3.3.3]
	at org.apache.maven.lifecycle.internal.MojoExecutor.execute(MojoExecutor.java:153) [maven-core-3.3.3.jar:3.3.3]
	at org.apache.maven.lifecycle.internal.MojoExecutor.execute(MojoExecutor.java:145) [maven-core-3.3.3.jar:3.3.3]
	at org.apache.maven.lifecycle.internal.LifecycleModuleBuilder.buildProject(LifecycleModuleBuilder.java:116) [maven-core-3.3.3.jar:3.3.3]
	at org.apache.maven.lifecycle.internal.LifecycleModuleBuilder.buildProject(LifecycleModuleBuilder.java:80) [maven-core-3.3.3.jar:3.3.3]
	at org.apache.maven.lifecycle.internal.builder.singlethreaded.SingleThreadedBuilder.build(SingleThreadedBuilder.java:51) [maven-core-3.3.3.jar:3.3.3]
	at org.apache.maven.lifecycle.internal.LifecycleStarter.execute(LifecycleStarter.java:128) [maven-core-3.3.3.jar:3.3.3]
	at org.apache.maven.DefaultMaven.doExecute(DefaultMaven.java:307) [maven-core-3.3.3.jar:3.3.3]
	at org.apache.maven.DefaultMaven.doExecute(DefaultMaven.java:193) [maven-core-3.3.3.jar:3.3.3]
	at org.apache.maven.DefaultMaven.execute(DefaultMaven.java:106) [maven-core-3.3.3.jar:3.3.3]
	at org.apache.maven.cli.MavenCli.execute(MavenCli.java:862) [maven-embedder-3.3.3.jar:3.3.3]
	at org.apache.maven.cli.MavenCli.doMain(MavenCli.java:286) [maven-embedder-3.3.3.jar:3.3.3]
	at org.apache.maven.cli.MavenCli.main(MavenCli.java:197) [maven-embedder-3.3.3.jar:3.3.3]
	at sun.reflect.NativeMethodAccessorImpl.invoke0(Native Method) ~[na:1.7.0_80]
	at sun.reflect.NativeMethodAccessorImpl.invoke(NativeMethodAccessorImpl.java:57) ~[na:1.7.0_80]
	at sun.reflect.DelegatingMethodAccessorImpl.invoke(DelegatingMethodAccessorImpl.java:43) ~[na:1.7.0_80]
	at java.lang.reflect.Method.invoke(Method.java:606) ~[na:1.7.0_80]
	at org.codehaus.plexus.classworlds.launcher.Launcher.launchEnhanced(Launcher.java:289) [plexus-classworlds-2.5.2.jar:na]
	at org.codehaus.plexus.classworlds.launcher.Launcher.launch(Launcher.java:229) [plexus-classworlds-2.5.2.jar:na]
	at org.codehaus.plexus.classworlds.launcher.Launcher.mainWithExitCode(Launcher.java:415) [plexus-classworlds-2.5.2.jar:na]
	at org.codehaus.plexus.classworlds.launcher.Launcher.main(Launcher.java:356) [plexus-classworlds-2.5.2.jar:na]
Caused by: org.springframework.beans.ConversionNotSupportedException: Failed to convert property value of type 'com.sun.proxy.$Proxy37 implementing ecp.spring.service.PersonManager,org.springframework.aop.SpringProxy,org.springframework.aop.framework.Advised' to required type 'ecp.spring.service.PersonManagerImpl' for property 'personManagerImpl'; nested exception is java.lang.IllegalStateException: Cannot convert value of type [com.sun.proxy.$Proxy37 implementing ecp.spring.service.PersonManager,org.springframework.aop.SpringProxy,org.springframework.aop.framework.Advised] to required type [ecp.spring.service.PersonManagerImpl] for property 'personManagerImpl': no matching editors or conversion strategy found
	at org.springframework.beans.BeanWrapperImpl.convertIfNecessary(BeanWrapperImpl.java:485) ~[spring-beans-3.1.0.RELEASE.jar:3.1.0.RELEASE]
	at org.springframework.beans.BeanWrapperImpl.convertForProperty(BeanWrapperImpl.java:516) ~[spring-beans-3.1.0.RELEASE.jar:3.1.0.RELEASE]
	at org.springframework.beans.BeanWrapperImpl.convertForProperty(BeanWrapperImpl.java:510) ~[spring-beans-3.1.0.RELEASE.jar:3.1.0.RELEASE]
	at org.springframework.beans.factory.support.AbstractAutowireCapableBeanFactory.convertForProperty(AbstractAutowireCapableBeanFactory.java:1406) ~[spring-beans-3.1.0.RELEASE.jar:3.1.0.RELEASE]
	at org.springframework.beans.factory.support.AbstractAutowireCapableBeanFactory.applyPropertyValues(AbstractAutowireCapableBeanFactory.java:1365) ~[spring-beans-3.1.0.RELEASE.jar:3.1.0.RELEASE]
	at org.springframework.beans.factory.support.AbstractAutowireCapableBeanFactory.populateBean(AbstractAutowireCapableBeanFactory.java:1118) ~[spring-beans-3.1.0.RELEASE.jar:3.1.0.RELEASE]
	at org.springframework.beans.factory.support.AbstractAutowireCapableBeanFactory.doCreateBean(AbstractAutowireCapableBeanFactory.java:517) ~[spring-beans-3.1.0.RELEASE.jar:3.1.0.RELEASE]
	... 54 common frames omitted
Caused by: java.lang.IllegalStateException: Cannot convert value of type [com.sun.proxy.$Proxy37 implementing ecp.spring.service.PersonManager,org.springframework.aop.SpringProxy,org.springframework.aop.framework.Advised] to required type [ecp.spring.service.PersonManagerImpl] for property 'personManagerImpl': no matching editors or conversion strategy found
	at org.springframework.beans.TypeConverterDelegate.convertIfNecessary(TypeConverterDelegate.java:241) ~[spring-beans-3.1.0.RELEASE.jar:3.1.0.RELEASE]
	at org.springframework.beans.BeanWrapperImpl.convertIfNecessary(BeanWrapperImpl.java:470) ~[spring-beans-3.1.0.RELEASE.jar:3.1.0.RELEASE]
	... 60 common frames omitted
2015-12-02 09:02:19 [main] [INFO] o.s.web.context.ContextLoader - Root WebApplicationContext: initialization started 
2015-12-02 09:02:19 [main] [INFO] o.s.w.c.s.XmlWebApplicationContext - Refreshing Root WebApplicationContext: startup date [Wed Dec 02 09:02:19 PHT 2015]; root of context hierarchy 
2015-12-02 09:02:19 [main] [INFO] o.s.b.f.xml.XmlBeanDefinitionReader - Loading XML bean definitions from ServletContext resource [/WEB-INF/spring-servlet.xml] 
2015-12-02 09:02:20 [main] [INFO] o.s.c.a.ClassPathBeanDefinitionScanner - JSR-250 'javax.annotation.ManagedBean' found and supported for component scanning 
2015-12-02 09:02:20 [main] [INFO] o.s.c.a.ClassPathBeanDefinitionScanner - JSR-330 'javax.inject.Named' annotation found and supported for component scanning 
2015-12-02 09:02:20 [main] [INFO] o.s.b.f.xml.XmlBeanDefinitionReader - Loading XML bean definitions from class path resource [webapp.xml] 
2015-12-02 09:02:20 [main] [INFO] o.s.b.f.xml.XmlBeanDefinitionReader - Loading XML bean definitions from class path resource [service.xml] 
2015-12-02 09:02:20 [main] [INFO] o.s.b.f.xml.XmlBeanDefinitionReader - Loading XML bean definitions from class path resource [dao.xml] 
2015-12-02 09:02:20 [main] [INFO] o.s.b.f.xml.XmlBeanDefinitionReader - Loading XML bean definitions from class path resource [hibernate.xml] 
2015-12-02 09:02:21 [main] [INFO] o.s.b.f.a.AutowiredAnnotationBeanPostProcessor - JSR-330 'javax.inject.Inject' annotation found and supported for autowiring 
2015-12-02 09:02:22 [main] [INFO] o.s.b.f.s.DefaultListableBeanFactory - Pre-instantiating singletons in org.springframework.beans.factory.support.DefaultListableBeanFactory@1d13e33: defining beans [org.springframework.context.annotation.internalConfigurationAnnotationProcessor,org.springframework.context.annotation.internalAutowiredAnnotationProcessor,org.springframework.context.annotation.internalRequiredAnnotationProcessor,org.springframework.context.annotation.internalCommonAnnotationProcessor,org.springframework.context.annotation.internalPersistenceAnnotationProcessor,/,/roleIndex,/projectIndex,/deletePerson,/deleteRole,/addPerson,/addRole,/addProject,/editPerson,/editRole,/editProject,/uploadFile,parser,personValidator,projectValidator,personManagerImpl,roleManagerImpl,projectManagerImpl,txAdvice,org.springframework.aop.config.internalAutoProxyCreator,serviceClasses,org.springframework.aop.support.DefaultBeanFactoryPointcutAdvisor#0,txManager,personDaoImpl,roleDaoImpl,projectDao,dataSource,sessionFactory,org.springframework.web.servlet.resource.ResourceHttpRequestHandler#0,org.springframework.web.servlet.handler.SimpleUrlHandlerMapping#0,org.springframework.web.servlet.handler.BeanNameUrlHandlerMapping,org.springframework.web.servlet.mvc.HttpRequestHandlerAdapter,org.springframework.web.servlet.mvc.SimpleControllerHandlerAdapter,org.springframework.web.servlet.view.InternalResourceViewResolver#0,localeResolver,messageSource,org.springframework.web.servlet.handler.MappedInterceptor#0,multipartResolver,org.springframework.context.annotation.ConfigurationClassPostProcessor$ImportAwareBeanPostProcessor#0]; root of factory hierarchy 
2015-12-02 09:02:23 [main] [INFO] o.h.annotations.common.Version - HCANN000001: Hibernate Commons Annotations {4.0.2.Final} 
2015-12-02 09:02:24 [main] [INFO] org.hibernate.Version - HHH000412: Hibernate Core {4.2.7.Final} 
2015-12-02 09:02:24 [main] [INFO] org.hibernate.cfg.Environment - HHH000206: hibernate.properties not found 
2015-12-02 09:02:24 [main] [INFO] org.hibernate.cfg.Environment - HHH000021: Bytecode provider name : javassist 
2015-12-02 09:02:24 [main] [INFO] org.hibernate.cfg.Configuration - HHH000044: Configuring from URL: jar:file:/home/admin/.m2/repository/ecp/spring/infra/persistence/1.0-SNAPSHOT/persistence-1.0-SNAPSHOT.jar!/hibernate.cfg.xml 
2015-12-02 09:02:24 [main] [INFO] org.hibernate.cfg.Configuration - HHH000041: Configured SessionFactory: null 
2015-12-02 09:02:25 [main] [INFO] org.hibernate.dialect.Dialect - HHH000400: Using dialect: org.hibernate.dialect.PostgreSQLDialect 
2015-12-02 09:02:25 [main] [INFO] o.h.e.j.internal.LobCreatorBuilder - HHH000424: Disabling contextual LOB creation as createClob() method threw error : java.lang.reflect.InvocationTargetException 
2015-12-02 09:02:26 [main] [INFO] o.h.e.t.i.TransactionFactoryInitiator - HHH000399: Using default transaction strategy (direct JDBC transactions) 
2015-12-02 09:02:26 [main] [INFO] o.h.h.i.a.ASTQueryTranslatorFactory - HHH000397: Using ASTQueryTranslatorFactory 
2015-12-02 09:02:26 [main] [INFO] o.h.cache.spi.UpdateTimestampsCache - HHH000250: Starting update timestamps cache at region: org.hibernate.cache.spi.UpdateTimestampsCache 
2015-12-02 09:02:26 [main] [INFO] o.h.c.internal.StandardQueryCache - HHH000248: Starting query cache at region: org.hibernate.cache.internal.StandardQueryCache 
2015-12-02 09:02:27 [main] [INFO] o.s.o.h.HibernateTransactionManager - Using DataSource [org.apache.commons.dbcp.BasicDataSource@7918b8] of Hibernate SessionFactory for HibernateTransactionManager 
2015-12-02 09:02:28 [main] [INFO] o.s.w.s.h.SimpleUrlHandlerMapping - Mapped URL path [/resources/**] onto handler 'org.springframework.web.servlet.resource.ResourceHttpRequestHandler#0' 
2015-12-02 09:02:28 [main] [INFO] o.s.w.s.h.BeanNameUrlHandlerMapping - Root mapping to handler '/' 
2015-12-02 09:02:28 [main] [INFO] o.s.w.s.h.BeanNameUrlHandlerMapping - Mapped URL path [/roleIndex] onto handler '/roleIndex' 
2015-12-02 09:02:28 [main] [INFO] o.s.w.s.h.BeanNameUrlHandlerMapping - Mapped URL path [/projectIndex] onto handler '/projectIndex' 
2015-12-02 09:02:28 [main] [INFO] o.s.w.s.h.BeanNameUrlHandlerMapping - Mapped URL path [/deletePerson] onto handler '/deletePerson' 
2015-12-02 09:02:28 [main] [INFO] o.s.w.s.h.BeanNameUrlHandlerMapping - Mapped URL path [/deleteRole] onto handler '/deleteRole' 
2015-12-02 09:02:28 [main] [INFO] o.s.w.s.h.BeanNameUrlHandlerMapping - Mapped URL path [/addPerson] onto handler '/addPerson' 
2015-12-02 09:02:28 [main] [INFO] o.s.w.s.h.BeanNameUrlHandlerMapping - Mapped URL path [/addRole] onto handler '/addRole' 
2015-12-02 09:02:28 [main] [INFO] o.s.w.s.h.BeanNameUrlHandlerMapping - Mapped URL path [/addProject] onto handler '/addProject' 
2015-12-02 09:02:28 [main] [INFO] o.s.w.s.h.BeanNameUrlHandlerMapping - Mapped URL path [/editPerson] onto handler '/editPerson' 
2015-12-02 09:02:28 [main] [INFO] o.s.w.s.h.BeanNameUrlHandlerMapping - Mapped URL path [/editRole] onto handler '/editRole' 
2015-12-02 09:02:28 [main] [INFO] o.s.w.s.h.BeanNameUrlHandlerMapping - Mapped URL path [/editProject] onto handler '/editProject' 
2015-12-02 09:02:28 [main] [INFO] o.s.w.s.h.BeanNameUrlHandlerMapping - Mapped URL path [/uploadFile] onto handler '/uploadFile' 
2015-12-02 09:02:28 [main] [INFO] o.s.web.context.ContextLoader - Root WebApplicationContext: initialization completed in 9424 ms 
2015-12-02 09:02:29 [main] [INFO] o.s.web.servlet.DispatcherServlet - FrameworkServlet 'spring': initialization started 
2015-12-02 09:02:29 [main] [INFO] o.s.w.c.s.XmlWebApplicationContext - Refreshing WebApplicationContext for namespace 'spring-servlet': startup date [Wed Dec 02 09:02:29 PHT 2015]; parent: Root WebApplicationContext 
2015-12-02 09:02:29 [main] [INFO] o.s.b.f.xml.XmlBeanDefinitionReader - Loading XML bean definitions from ServletContext resource [/WEB-INF/spring-servlet.xml] 
2015-12-02 09:02:29 [main] [INFO] o.s.c.a.ClassPathBeanDefinitionScanner - JSR-250 'javax.annotation.ManagedBean' found and supported for component scanning 
2015-12-02 09:02:29 [main] [INFO] o.s.c.a.ClassPathBeanDefinitionScanner - JSR-330 'javax.inject.Named' annotation found and supported for component scanning 
2015-12-02 09:02:29 [main] [INFO] o.s.b.f.xml.XmlBeanDefinitionReader - Loading XML bean definitions from class path resource [webapp.xml] 
2015-12-02 09:02:29 [main] [INFO] o.s.b.f.xml.XmlBeanDefinitionReader - Loading XML bean definitions from class path resource [service.xml] 
2015-12-02 09:02:29 [main] [INFO] o.s.b.f.xml.XmlBeanDefinitionReader - Loading XML bean definitions from class path resource [dao.xml] 
2015-12-02 09:02:29 [main] [INFO] o.s.b.f.xml.XmlBeanDefinitionReader - Loading XML bean definitions from class path resource [hibernate.xml] 
2015-12-02 09:02:29 [main] [INFO] o.s.b.f.a.AutowiredAnnotationBeanPostProcessor - JSR-330 'javax.inject.Inject' annotation found and supported for autowiring 
2015-12-02 09:02:29 [main] [INFO] o.s.b.f.s.DefaultListableBeanFactory - Pre-instantiating singletons in org.springframework.beans.factory.support.DefaultListableBeanFactory@41e41e: defining beans [org.springframework.context.annotation.internalConfigurationAnnotationProcessor,org.springframework.context.annotation.internalAutowiredAnnotationProcessor,org.springframework.context.annotation.internalRequiredAnnotationProcessor,org.springframework.context.annotation.internalCommonAnnotationProcessor,org.springframework.context.annotation.internalPersistenceAnnotationProcessor,/,/roleIndex,/projectIndex,/deletePerson,/deleteRole,/addPerson,/addRole,/addProject,/editPerson,/editRole,/editProject,/uploadFile,parser,personValidator,projectValidator,personManagerImpl,roleManagerImpl,projectManagerImpl,txAdvice,org.springframework.aop.config.internalAutoProxyCreator,serviceClasses,org.springframework.aop.support.DefaultBeanFactoryPointcutAdvisor#0,txManager,personDaoImpl,roleDaoImpl,projectDao,dataSource,sessionFactory,org.springframework.web.servlet.resource.ResourceHttpRequestHandler#0,org.springframework.web.servlet.handler.SimpleUrlHandlerMapping#0,org.springframework.web.servlet.handler.BeanNameUrlHandlerMapping,org.springframework.web.servlet.mvc.HttpRequestHandlerAdapter,org.springframework.web.servlet.mvc.SimpleControllerHandlerAdapter,org.springframework.web.servlet.view.InternalResourceViewResolver#0,localeResolver,messageSource,org.springframework.web.servlet.handler.MappedInterceptor#0,multipartResolver,org.springframework.context.annotation.ConfigurationClassPostProcessor$ImportAwareBeanPostProcessor#0]; parent: org.springframework.beans.factory.support.DefaultListableBeanFactory@1d13e33 
2015-12-02 09:02:29 [main] [INFO] org.hibernate.cfg.Configuration - HHH000044: Configuring from URL: jar:file:/home/admin/.m2/repository/ecp/spring/infra/persistence/1.0-SNAPSHOT/persistence-1.0-SNAPSHOT.jar!/hibernate.cfg.xml 
2015-12-02 09:02:29 [main] [INFO] org.hibernate.cfg.Configuration - HHH000041: Configured SessionFactory: null 
2015-12-02 09:02:30 [main] [INFO] org.hibernate.dialect.Dialect - HHH000400: Using dialect: org.hibernate.dialect.PostgreSQLDialect 
2015-12-02 09:02:30 [main] [INFO] o.h.e.j.internal.LobCreatorBuilder - HHH000424: Disabling contextual LOB creation as createClob() method threw error : java.lang.reflect.InvocationTargetException 
2015-12-02 09:02:30 [main] [INFO] o.h.e.t.i.TransactionFactoryInitiator - HHH000399: Using default transaction strategy (direct JDBC transactions) 
2015-12-02 09:02:30 [main] [INFO] o.h.h.i.a.ASTQueryTranslatorFactory - HHH000397: Using ASTQueryTranslatorFactory 
2015-12-02 09:02:30 [main] [INFO] o.h.cache.spi.UpdateTimestampsCache - HHH000250: Starting update timestamps cache at region: org.hibernate.cache.spi.UpdateTimestampsCache 
2015-12-02 09:02:30 [main] [INFO] o.h.c.internal.StandardQueryCache - HHH000248: Starting query cache at region: org.hibernate.cache.internal.StandardQueryCache 
2015-12-02 09:02:30 [main] [INFO] o.s.o.h.HibernateTransactionManager - Using DataSource [org.apache.commons.dbcp.BasicDataSource@d7c07c] of Hibernate SessionFactory for HibernateTransactionManager 
2015-12-02 09:02:31 [main] [INFO] o.s.w.s.h.SimpleUrlHandlerMapping - Mapped URL path [/resources/**] onto handler 'org.springframework.web.servlet.resource.ResourceHttpRequestHandler#0' 
2015-12-02 09:02:31 [main] [INFO] o.s.w.s.h.BeanNameUrlHandlerMapping - Root mapping to handler '/' 
2015-12-02 09:02:31 [main] [INFO] o.s.w.s.h.BeanNameUrlHandlerMapping - Mapped URL path [/roleIndex] onto handler '/roleIndex' 
2015-12-02 09:02:31 [main] [INFO] o.s.w.s.h.BeanNameUrlHandlerMapping - Mapped URL path [/projectIndex] onto handler '/projectIndex' 
2015-12-02 09:02:31 [main] [INFO] o.s.w.s.h.BeanNameUrlHandlerMapping - Mapped URL path [/deletePerson] onto handler '/deletePerson' 
2015-12-02 09:02:31 [main] [INFO] o.s.w.s.h.BeanNameUrlHandlerMapping - Mapped URL path [/deleteRole] onto handler '/deleteRole' 
2015-12-02 09:02:31 [main] [INFO] o.s.w.s.h.BeanNameUrlHandlerMapping - Mapped URL path [/addPerson] onto handler '/addPerson' 
2015-12-02 09:02:31 [main] [INFO] o.s.w.s.h.BeanNameUrlHandlerMapping - Mapped URL path [/addRole] onto handler '/addRole' 
2015-12-02 09:02:31 [main] [INFO] o.s.w.s.h.BeanNameUrlHandlerMapping - Mapped URL path [/addProject] onto handler '/addProject' 
2015-12-02 09:02:31 [main] [INFO] o.s.w.s.h.BeanNameUrlHandlerMapping - Mapped URL path [/editPerson] onto handler '/editPerson' 
2015-12-02 09:02:31 [main] [INFO] o.s.w.s.h.BeanNameUrlHandlerMapping - Mapped URL path [/editRole] onto handler '/editRole' 
2015-12-02 09:02:31 [main] [INFO] o.s.w.s.h.BeanNameUrlHandlerMapping - Mapped URL path [/editProject] onto handler '/editProject' 
2015-12-02 09:02:31 [main] [INFO] o.s.w.s.h.BeanNameUrlHandlerMapping - Mapped URL path [/uploadFile] onto handler '/uploadFile' 
2015-12-02 09:02:31 [main] [INFO] o.s.web.servlet.DispatcherServlet - FrameworkServlet 'spring': initialization completed in 2831 ms 
2015-12-02 09:02:45 [qtp6595261-23] [DEBUG] ecp.spring.web.IndexController - Displaying new form 
2015-12-02 09:02:45 [qtp6595261-23] [DEBUG] ecp.spring.web.IndexController - Creating new command of class [ecp.spring.model.PersonModel] 
2015-12-02 09:03:15 [qtp6595261-24] [DEBUG] ecp.spring.web.IndexController - Creating new command of class [ecp.spring.model.PersonModel] 
2015-12-02 09:03:15 [qtp6595261-24] [DEBUG] ecp.spring.web.IndexController - No errors -> processing submit 
2015-12-02 09:03:18 [qtp6595261-23] [DEBUG] ecp.spring.web.IndexController - Creating new command of class [ecp.spring.model.PersonModel] 
2015-12-02 09:03:18 [qtp6595261-23] [DEBUG] ecp.spring.web.IndexController - No errors -> processing submit 
2015-12-02 09:03:21 [qtp6595261-23] [DEBUG] ecp.spring.web.IndexController - Creating new command of class [ecp.spring.model.PersonModel] 
2015-12-02 09:03:21 [qtp6595261-23] [DEBUG] ecp.spring.web.IndexController - No errors -> processing submit 
2015-12-02 09:03:24 [qtp6595261-23] [DEBUG] ecp.spring.web.IndexController - Creating new command of class [ecp.spring.model.PersonModel] 
2015-12-02 09:03:24 [qtp6595261-23] [DEBUG] ecp.spring.web.IndexController - No errors -> processing submit 
2015-12-02 09:03:46 [Thread-1] [INFO] o.s.w.c.s.XmlWebApplicationContext - Closing WebApplicationContext for namespace 'spring-servlet': startup date [Wed Dec 02 09:02:29 PHT 2015]; parent: Root WebApplicationContext 
2015-12-02 09:03:46 [Thread-1] [INFO] o.s.b.f.s.DefaultListableBeanFactory - Destroying singletons in org.springframework.beans.factory.support.DefaultListableBeanFactory@41e41e: defining beans [org.springframework.context.annotation.internalConfigurationAnnotationProcessor,org.springframework.context.annotation.internalAutowiredAnnotationProcessor,org.springframework.context.annotation.internalRequiredAnnotationProcessor,org.springframework.context.annotation.internalCommonAnnotationProcessor,org.springframework.context.annotation.internalPersistenceAnnotationProcessor,/,/roleIndex,/projectIndex,/deletePerson,/deleteRole,/addPerson,/addRole,/addProject,/editPerson,/editRole,/editProject,/uploadFile,parser,personValidator,projectValidator,personManagerImpl,roleManagerImpl,projectManagerImpl,txAdvice,org.springframework.aop.config.internalAutoProxyCreator,serviceClasses,org.springframework.aop.support.DefaultBeanFactoryPointcutAdvisor#0,txManager,personDaoImpl,roleDaoImpl,projectDao,dataSource,sessionFactory,org.springframework.web.servlet.resource.ResourceHttpRequestHandler#0,org.springframework.web.servlet.handler.SimpleUrlHandlerMapping#0,org.springframework.web.servlet.handler.BeanNameUrlHandlerMapping,org.springframework.web.servlet.mvc.HttpRequestHandlerAdapter,org.springframework.web.servlet.mvc.SimpleControllerHandlerAdapter,org.springframework.web.servlet.view.InternalResourceViewResolver#0,localeResolver,messageSource,org.springframework.web.servlet.handler.MappedInterceptor#0,multipartResolver,org.springframework.context.annotation.ConfigurationClassPostProcessor$ImportAwareBeanPostProcessor#0]; parent: org.springframework.beans.factory.support.DefaultListableBeanFactory@1d13e33 
2015-12-02 09:03:46 [Thread-1] [INFO] o.s.w.c.s.XmlWebApplicationContext - Closing Root WebApplicationContext: startup date [Wed Dec 02 09:02:19 PHT 2015]; root of context hierarchy 
2015-12-02 09:03:46 [Thread-1] [INFO] o.s.b.f.s.DefaultListableBeanFactory - Destroying singletons in org.springframework.beans.factory.support.DefaultListableBeanFactory@1d13e33: defining beans [org.springframework.context.annotation.internalConfigurationAnnotationProcessor,org.springframework.context.annotation.internalAutowiredAnnotationProcessor,org.springframework.context.annotation.internalRequiredAnnotationProcessor,org.springframework.context.annotation.internalCommonAnnotationProcessor,org.springframework.context.annotation.internalPersistenceAnnotationProcessor,/,/roleIndex,/projectIndex,/deletePerson,/deleteRole,/addPerson,/addRole,/addProject,/editPerson,/editRole,/editProject,/uploadFile,parser,personValidator,projectValidator,personManagerImpl,roleManagerImpl,projectManagerImpl,txAdvice,org.springframework.aop.config.internalAutoProxyCreator,serviceClasses,org.springframework.aop.support.DefaultBeanFactoryPointcutAdvisor#0,txManager,personDaoImpl,roleDaoImpl,projectDao,dataSource,sessionFactory,org.springframework.web.servlet.resource.ResourceHttpRequestHandler#0,org.springframework.web.servlet.handler.SimpleUrlHandlerMapping#0,org.springframework.web.servlet.handler.BeanNameUrlHandlerMapping,org.springframework.web.servlet.mvc.HttpRequestHandlerAdapter,org.springframework.web.servlet.mvc.SimpleControllerHandlerAdapter,org.springframework.web.servlet.view.InternalResourceViewResolver#0,localeResolver,messageSource,org.springframework.web.servlet.handler.MappedInterceptor#0,multipartResolver,org.springframework.context.annotation.ConfigurationClassPostProcessor$ImportAwareBeanPostProcessor#0]; root of factory hierarchy 
